<?xml version="1.0" encoding="UTF-8"?>
<!-- Generated by org.testng.reporters.JUnitReportReporter -->
<testsuite skipped="0" hostname="gamzes-MBP.fios-router.home" name="com.qa.hotels.tests.TestCase2" tests="3" failures="0" timestamp="2020-07-29T22:24:41 EDT" time="32.289" errors="0">
  <testcase name="testThreeStars" time="11.134" classname="com.qa.hotels.tests.TestCase2"/>
  <system-out/>
  <testcase name="testFiveStars" time="10.118" classname="com.qa.hotels.tests.TestCase2"/>
  <system-out/>
  <testcase name="testFourStars" time="11.037" classname="com.qa.hotels.tests.TestCase2"/>
  <system-out/>
</testsuite> <!-- com.qa.hotels.tests.TestCase2 -->
