<?xml version="1.0" encoding="UTF-8"?>
<!-- Generated by org.testng.reporters.JUnitReportReporter -->
<testsuite skipped="0" hostname="gamzes-MBP.fios-router.home" name="com.qa.hotels.tests.TestCase1" tests="2" failures="0" timestamp="2020-07-29T22:31:16 EDT" time="170.288" errors="0">
  <testcase name="verifySearchPageTitle" time="0.061" classname="com.qa.hotels.tests.TestCase1"/>
  <system-out/>
  <testcase name="searchThreeStarsHilton" time="170.227" classname="com.qa.hotels.tests.TestCase1"/>
  <system-out/>
</testsuite> <!-- com.qa.hotels.tests.TestCase1 -->
